start: s
accept: ac
reject: rj
blank: _

s _ -> ac _ >
s 0 -> f 0 ^
s 1 -> f 1 ^
f 0 -> f' * >
f 1 -> f' ! >

f' 0 -> f' 0 >
f' 1 -> f' 1 >
f' _ -> b'' _ <
f' * -> b'' * <
f' ! -> b'' ! <
b'' 0 -> b' * <
b'' 1 -> b' ! <
b'' ! -> rej _ >
b'' * -> rej _ >
b' 0 -> b' 0 <
b' 1 -> b' 1 <
b' ! -> f ! >
b' * -> f * >

f ! -> k ! <
f * -> k * <
k * -> k*' 0 >
k ! -> k!' 1 >
k*' * -> k*' * >
k*' ! -> k*' ! >
k*' 0 -> k*' 0 >
k*' 1 -> k*' 1 >
k*' _ -> k*'' _ <
k*'' * -> kb _ <
k*'' ! -> rj _ <
kb * -> kb * <
kb ! -> kb ! <
kb 0 -> kbb 0 <
kbb 0 -> kbb 0 <
kbb 1 -> kbb 1 <
kbb _ -> ac _ <
kb 1 -> kbb 1 <
kbb * -> k*' 0 >
kbb ! -> k!' 1 >
k!' 1 -> k!' 1 >
k!' 0 -> k!' 0 >
k!' * -> k!' * >
k!' ! -> k!' ! >
k!' _ -> k!'' _ <
k!'' ! -> kb _ <
k!'' * -> rj _ <